[0224/141226.039:INFO:CONSOLE(1)] "Uncaught ReferenceError: start is not defined", source: file:///C:/Program%20Files/Google/Chrome/Application/110.0.5481.105/ (1)
[0224/141226.039:INFO:CONSOLE(2)] "Uncaught ReferenceError: onHasParentDirectory is not defined", source: file:///C:/Program%20Files/Google/Chrome/Application/110.0.5481.105/ (2)
[0224/141226.039:INFO:CONSOLE(3)] "Uncaught ReferenceError: addRow is not defined", source: file:///C:/Program%20Files/Google/Chrome/Application/110.0.5481.105/ (3)
[0224/141226.039:INFO:CONSOLE(4)] "Uncaught ReferenceError: addRow is not defined", source: file:///C:/Program%20Files/Google/Chrome/Application/110.0.5481.105/ (4)
[0224/141226.039:INFO:CONSOLE(5)] "Uncaught ReferenceError: addRow is not defined", source: file:///C:/Program%20Files/Google/Chrome/Application/110.0.5481.105/ (5)
[0224/141226.039:INFO:CONSOLE(6)] "Uncaught ReferenceError: addRow is not defined", source: file:///C:/Program%20Files/Google/Chrome/Application/110.0.5481.105/ (6)
[0224/141226.039:INFO:CONSOLE(7)] "Uncaught ReferenceError: addRow is not defined", source: file:///C:/Program%20Files/Google/Chrome/Application/110.0.5481.105/ (7)
[0224/141226.039:INFO:CONSOLE(8)] "Uncaught ReferenceError: addRow is not defined", source: file:///C:/Program%20Files/Google/Chrome/Application/110.0.5481.105/ (8)
[0224/141226.039:INFO:CONSOLE(9)] "Uncaught ReferenceError: addRow is not defined", source: file:///C:/Program%20Files/Google/Chrome/Application/110.0.5481.105/ (9)
[0224/141226.039:INFO:CONSOLE(10)] "Uncaught ReferenceError: addRow is not defined", source: file:///C:/Program%20Files/Google/Chrome/Application/110.0.5481.105/ (10)
[0224/141226.039:INFO:CONSOLE(11)] "Uncaught ReferenceError: addRow is not defined", source: file:///C:/Program%20Files/Google/Chrome/Application/110.0.5481.105/ (11)
[0224/141226.039:INFO:CONSOLE(12)] "Uncaught ReferenceError: addRow is not defined", source: file:///C:/Program%20Files/Google/Chrome/Application/110.0.5481.105/ (12)
[0224/141226.040:INFO:CONSOLE(13)] "Uncaught ReferenceError: addRow is not defined", source: file:///C:/Program%20Files/Google/Chrome/Application/110.0.5481.105/ (13)
[0224/141226.040:INFO:CONSOLE(14)] "Uncaught ReferenceError: addRow is not defined", source: file:///C:/Program%20Files/Google/Chrome/Application/110.0.5481.105/ (14)
[0224/141226.040:INFO:CONSOLE(15)] "Uncaught ReferenceError: addRow is not defined", source: file:///C:/Program%20Files/Google/Chrome/Application/110.0.5481.105/ (15)
[0224/141226.040:INFO:CONSOLE(16)] "Uncaught ReferenceError: addRow is not defined", source: file:///C:/Program%20Files/Google/Chrome/Application/110.0.5481.105/ (16)
[0224/141226.040:INFO:CONSOLE(17)] "Uncaught ReferenceError: addRow is not defined", source: file:///C:/Program%20Files/Google/Chrome/Application/110.0.5481.105/ (17)
[0224/141226.040:INFO:CONSOLE(18)] "Uncaught ReferenceError: addRow is not defined", source: file:///C:/Program%20Files/Google/Chrome/Application/110.0.5481.105/ (18)
[0224/141226.040:INFO:CONSOLE(19)] "Uncaught ReferenceError: addRow is not defined", source: file:///C:/Program%20Files/Google/Chrome/Application/110.0.5481.105/ (19)
[0224/141226.040:INFO:CONSOLE(20)] "Uncaught ReferenceError: addRow is not defined", source: file:///C:/Program%20Files/Google/Chrome/Application/110.0.5481.105/ (20)
[0224/141226.040:INFO:CONSOLE(21)] "Uncaught ReferenceError: addRow is not defined", source: file:///C:/Program%20Files/Google/Chrome/Application/110.0.5481.105/ (21)
[0224/141226.040:INFO:CONSOLE(22)] "Uncaught ReferenceError: addRow is not defined", source: file:///C:/Program%20Files/Google/Chrome/Application/110.0.5481.105/ (22)
[0224/141226.040:INFO:CONSOLE(23)] "Uncaught ReferenceError: addRow is not defined", source: file:///C:/Program%20Files/Google/Chrome/Application/110.0.5481.105/ (23)
[0224/141226.040:INFO:CONSOLE(24)] "Uncaught ReferenceError: addRow is not defined", source: file:///C:/Program%20Files/Google/Chrome/Application/110.0.5481.105/ (24)
[0224/141226.040:INFO:CONSOLE(25)] "Uncaught ReferenceError: addRow is not defined", source: file:///C:/Program%20Files/Google/Chrome/Application/110.0.5481.105/ (25)
[0224/141226.040:INFO:CONSOLE(26)] "Uncaught ReferenceError: addRow is not defined", source: file:///C:/Program%20Files/Google/Chrome/Application/110.0.5481.105/ (26)
[0224/141226.040:INFO:CONSOLE(27)] "Uncaught ReferenceError: addRow is not defined", source: file:///C:/Program%20Files/Google/Chrome/Application/110.0.5481.105/ (27)
[0224/141226.040:INFO:CONSOLE(28)] "Uncaught ReferenceError: addRow is not defined", source: file:///C:/Program%20Files/Google/Chrome/Application/110.0.5481.105/ (28)
[0224/141226.040:INFO:CONSOLE(29)] "Uncaught ReferenceError: addRow is not defined", source: file:///C:/Program%20Files/Google/Chrome/Application/110.0.5481.105/ (29)
[0224/141226.040:INFO:CONSOLE(30)] "Uncaught ReferenceError: addRow is not defined", source: file:///C:/Program%20Files/Google/Chrome/Application/110.0.5481.105/ (30)
[0224/141226.041:INFO:CONSOLE(31)] "Uncaught ReferenceError: addRow is not defined", source: file:///C:/Program%20Files/Google/Chrome/Application/110.0.5481.105/ (31)
[0224/141226.041:INFO:CONSOLE(32)] "Uncaught ReferenceError: addRow is not defined", source: file:///C:/Program%20Files/Google/Chrome/Application/110.0.5481.105/ (32)
[0224/141226.041:INFO:CONSOLE(33)] "Uncaught ReferenceError: addRow is not defined", source: file:///C:/Program%20Files/Google/Chrome/Application/110.0.5481.105/ (33)
[0224/141226.041:INFO:CONSOLE(34)] "Uncaught ReferenceError: addRow is not defined", source: file:///C:/Program%20Files/Google/Chrome/Application/110.0.5481.105/ (34)
[0224/141228.711:INFO:CONSOLE(1)] "Store Object 'Identity' was not found", source: C:\workspace\js\zambri-bot\node_modules\@wppconnect-team\wppconnect\dist\lib\wapi\wapi.js (1)
[0224/141228.711:INFO:CONSOLE(1)] "Store Object 'MediaUpload' was not found", source: C:\workspace\js\zambri-bot\node_modules\@wppconnect-team\wppconnect\dist\lib\wapi\wapi.js (1)
[0224/141228.711:INFO:CONSOLE(1)] "Store Object 'sendSetGroupSubject' was not found", source: C:\workspace\js\zambri-bot\node_modules\@wppconnect-team\wppconnect\dist\lib\wapi\wapi.js (1)
[0224/141228.711:INFO:CONSOLE(1)] "Store Object 'sendSetGroupProperty' was not found", source: C:\workspace\js\zambri-bot\node_modules\@wppconnect-team\wppconnect\dist\lib\wapi\wapi.js (1)
[0224/141228.711:INFO:CONSOLE(1)] "Store Object 'sendSetGroupDescription' was not found", source: C:\workspace\js\zambri-bot\node_modules\@wppconnect-team\wppconnect\dist\lib\wapi\wapi.js (1)
[0224/141228.711:INFO:CONSOLE(5)] "[object Event]", source: https://web.whatsapp.com/app.9e31a8725d9f2a90915f.js (5)
[0224/141228.712:INFO:CONSOLE(5)] "[object Event]", source: https://web.whatsapp.com/app.9e31a8725d9f2a90915f.js (5)
[0224/141228.712:INFO:CONSOLE(5)] "[object Event]", source: https://web.whatsapp.com/app.9e31a8725d9f2a90915f.js (5)
[0224/141228.712:INFO:CONSOLE(5)] "[object Event]", source: https://web.whatsapp.com/app.9e31a8725d9f2a90915f.js (5)
[0224/141228.712:INFO:CONSOLE(5)] "[object Event]", source: https://web.whatsapp.com/app.9e31a8725d9f2a90915f.js (5)
